[DEBUG] 2021-09-23 12:50:46.349 [main] App - STARTING VENDING MACHINE
[DEBUG] 2021-09-23 12:50:46.350 [main] App - Path set to vendingmachine\src\main\resources\input.json
[DEBUG] 2021-09-23 12:50:46.512 [main] VendingMachine - START OF NEW TRANSACTION
[DEBUG] 2021-09-23 12:50:46.512 [main] VendingMachine - PROCESSED PAYMENT: $ 0.0
[DEBUG] 2021-09-23 12:50:46.513 [main] VendingMachine - Rows set to 1, Columns set to 2
[DEBUG] 2021-09-23 12:50:46.513 [main] VendingMachine - ADDED: 1 Test1, Current Price : $1.00 to Slot: A0
[DEBUG] 2021-09-23 12:50:46.513 [main] VendingMachine - ADDED: 2 Test2, Current Price : $2.00 to Slot: A1
[DEBUG] 2021-09-23 12:50:46.927 [main] VendingMachineGUI - UPDATED: Product List.
[DEBUG] 2021-09-23 12:50:59.312 [AWT-EventQueue-0] VendingMachine - Converting to Cents: 15
[DEBUG] 2021-09-23 12:50:59.313 [AWT-EventQueue-0] VendingMachine - ADDED CURRENCY: $1500
[DEBUG] 2021-09-23 12:50:59.314 [AWT-EventQueue-0] VendingMachine - String Conversion of 1500
[DEBUG] 2021-09-23 12:50:59.314 [AWT-EventQueue-0] VendingMachineGUI - CURRENCY INSERTED: Added $15 to total
[DEBUG] 2021-09-23 12:51:02.860 [AWT-EventQueue-0] VendingMachine - ITEM LOOKUP: Successful
[DEBUG] 2021-09-23 12:51:02.860 [AWT-EventQueue-0] VendingMachine - PAYMENT PROCESSED: For Qty: 1 Test1 at $1.00
[DEBUG] 2021-09-23 12:51:02.861 [AWT-EventQueue-0] VendingMachine - DISPENSED: 1 Test1.
[WARN ] 2021-09-23 12:51:02.861 [AWT-EventQueue-0] VendingMachine - Test1 is OUT OF STOCK
[DEBUG] 2021-09-23 12:51:02.861 [AWT-EventQueue-0] VendingMachineGUI - ITEM SELECTED: Attempting purchase.
[DEBUG] 2021-09-23 12:51:02.862 [AWT-EventQueue-0] VendingMachine - String Conversion of 1400
[DEBUG] 2021-09-23 12:51:02.863 [AWT-EventQueue-0] VendingMachine - REFUND: $14.00.
[DEBUG] 2021-09-23 12:51:02.863 [AWT-EventQueue-0] VendingMachine - END OF TRANSACTION

[DEBUG] 2021-09-23 12:51:04.879 [AWT-EventQueue-0] VendingMachineGUI - DISPENSE of Test1 initiated.
[DEBUG] 2021-09-23 12:51:04.879 [AWT-EventQueue-0] VendingMachineGUI - REFUND of 1400 initiated.
[DEBUG] 2021-09-23 12:51:04.881 [AWT-EventQueue-0] VendingMachineGUI - UPDATED: Product List.
[DEBUG] 2021-09-23 12:51:04.882 [AWT-EventQueue-0] VendingMachineGUI - UPDATED: Product List.
[DEBUG] 2021-09-23 12:51:42.390 [AWT-EventQueue-0] VendingMachine - Converting to Cents: 15
[DEBUG] 2021-09-23 12:51:42.390 [AWT-EventQueue-0] VendingMachine - ADDED CURRENCY: $1500
[DEBUG] 2021-09-23 12:51:42.391 [AWT-EventQueue-0] VendingMachine - String Conversion of 1500
[DEBUG] 2021-09-23 12:51:42.391 [AWT-EventQueue-0] VendingMachineGUI - CURRENCY INSERTED: Added $15 to total
[DEBUG] 2021-09-23 12:51:43.880 [AWT-EventQueue-0] VendingMachine - ITEM LOOKUP: Successful
[DEBUG] 2021-09-23 12:51:43.880 [AWT-EventQueue-0] VendingMachine - FAILED PURCHASE: Reason: %s is OUT OF STOCK
[DEBUG] 2021-09-23 12:51:43.881 [AWT-EventQueue-0] VendingMachine - String Conversion of 1400
[DEBUG] 2021-09-23 12:51:52.388 [AWT-EventQueue-0] VendingMachine - ITEM LOOKUP: Successful
[DEBUG] 2021-09-23 12:51:52.388 [AWT-EventQueue-0] VendingMachine - FAILED PURCHASE: Reason: %s is OUT OF STOCK
[DEBUG] 2021-09-23 12:51:52.389 [AWT-EventQueue-0] VendingMachine - String Conversion of 1400
[DEBUG] 2021-09-23 12:55:15.057 [main] App - STARTING VENDING MACHINE
[DEBUG] 2021-09-23 12:55:15.058 [main] App - Path set to vendingmachine\src\main\resources\input.json
[DEBUG] 2021-09-23 12:55:15.220 [main] VendingMachine - START OF NEW TRANSACTION
[DEBUG] 2021-09-23 12:55:15.220 [main] VendingMachine - PROCESSED PAYMENT: $ 0.0
[DEBUG] 2021-09-23 12:55:15.221 [main] VendingMachine - Rows set to 1, Columns set to 2
[DEBUG] 2021-09-23 12:55:15.221 [main] VendingMachine - ADDED: 1 Test1, Current Price : $1.00 to Slot: A0
[DEBUG] 2021-09-23 12:55:15.221 [main] VendingMachine - ADDED: 2 Test2, Current Price : $2.00 to Slot: A1
[DEBUG] 2021-09-23 12:55:15.599 [main] VendingMachineGUI - UPDATED: Product List.
[DEBUG] 2021-09-23 12:55:19.882 [AWT-EventQueue-0] VendingMachine - Converting to Cents: 15
[DEBUG] 2021-09-23 12:55:19.883 [AWT-EventQueue-0] VendingMachine - ADDED CURRENCY: $1500
[DEBUG] 2021-09-23 12:55:19.884 [AWT-EventQueue-0] VendingMachine - String Conversion of 1500
[DEBUG] 2021-09-23 12:55:19.884 [AWT-EventQueue-0] VendingMachineGUI - CURRENCY INSERTED: Added $15 to total
[DEBUG] 2021-09-23 12:55:25.602 [AWT-EventQueue-0] VendingMachine - ITEM LOOKUP: Successful
[DEBUG] 2021-09-23 12:55:25.602 [AWT-EventQueue-0] VendingMachine - PAYMENT PROCESSED: For Qty: 1 Test1 at $1.00
[DEBUG] 2021-09-23 12:55:25.603 [AWT-EventQueue-0] VendingMachine - DISPENSED: 1 Test1.
[WARN ] 2021-09-23 12:55:25.603 [AWT-EventQueue-0] VendingMachine - Test1 is OUT OF STOCK
[DEBUG] 2021-09-23 12:55:25.603 [AWT-EventQueue-0] VendingMachineGUI - ITEM SELECTED: Attempting purchase.
[DEBUG] 2021-09-23 12:55:25.604 [AWT-EventQueue-0] VendingMachine - String Conversion of 1400
[DEBUG] 2021-09-23 12:55:25.605 [AWT-EventQueue-0] VendingMachine - REFUND: $14.00.
[DEBUG] 2021-09-23 12:55:25.605 [AWT-EventQueue-0] VendingMachine - END OF TRANSACTION

[DEBUG] 2021-09-23 12:55:30.614 [AWT-EventQueue-0] VendingMachineGUI - DISPENSE of Test1 initiated.
[DEBUG] 2021-09-23 12:55:30.614 [AWT-EventQueue-0] VendingMachineGUI - REFUND of 1400 initiated.
[DEBUG] 2021-09-23 12:55:30.615 [AWT-EventQueue-0] VendingMachineGUI - UPDATED: Product List.
[DEBUG] 2021-09-23 12:55:30.616 [AWT-EventQueue-0] VendingMachineGUI - UPDATED: Product List.
[DEBUG] 2021-09-23 12:55:30.623 [AWT-EventQueue-0] VendingMachine - ITEM LOOKUP: Successful
[DEBUG] 2021-09-23 12:56:13.014 [main] App - STARTING VENDING MACHINE
[DEBUG] 2021-09-23 12:56:13.016 [main] App - Path set to vendingmachine\src\main\resources\input.json
[DEBUG] 2021-09-23 12:56:13.177 [main] VendingMachine - START OF NEW TRANSACTION
[DEBUG] 2021-09-23 12:56:13.177 [main] VendingMachine - PROCESSED PAYMENT: $ 0.0
[DEBUG] 2021-09-23 12:56:13.178 [main] VendingMachine - Rows set to 1, Columns set to 2
[DEBUG] 2021-09-23 12:56:13.178 [main] VendingMachine - ADDED: 1 Test1, Current Price : $1.00 to Slot: A0
[DEBUG] 2021-09-23 12:56:13.178 [main] VendingMachine - ADDED: 2 Test2, Current Price : $2.00 to Slot: A1
[DEBUG] 2021-09-23 12:56:13.575 [main] VendingMachineGUI - UPDATED: Product List.
[DEBUG] 2021-09-23 12:56:17.534 [AWT-EventQueue-0] VendingMachine - Converting to Cents: 15
[DEBUG] 2021-09-23 12:56:17.535 [AWT-EventQueue-0] VendingMachine - ADDED CURRENCY: $1500
[DEBUG] 2021-09-23 12:56:17.536 [AWT-EventQueue-0] VendingMachine - String Conversion of 1500
[DEBUG] 2021-09-23 12:56:17.536 [AWT-EventQueue-0] VendingMachineGUI - CURRENCY INSERTED: Added $15 to total
[DEBUG] 2021-09-23 12:56:23.200 [AWT-EventQueue-0] VendingMachine - ITEM LOOKUP: Successful
[DEBUG] 2021-09-23 12:56:23.201 [AWT-EventQueue-0] VendingMachine - PAYMENT PROCESSED: For Qty: 1 Test1 at $1.00
[DEBUG] 2021-09-23 12:56:23.201 [AWT-EventQueue-0] VendingMachine - DISPENSED: 1 Test1.
[WARN ] 2021-09-23 12:56:23.201 [AWT-EventQueue-0] VendingMachine - Test1 is OUT OF STOCK
[DEBUG] 2021-09-23 12:56:23.201 [AWT-EventQueue-0] VendingMachineGUI - ITEM SELECTED: Attempting purchase.
[DEBUG] 2021-09-23 12:56:23.202 [AWT-EventQueue-0] VendingMachine - String Conversion of 1400
[DEBUG] 2021-09-23 12:56:23.203 [AWT-EventQueue-0] VendingMachine - REFUND: $14.00.
[DEBUG] 2021-09-23 12:56:23.203 [AWT-EventQueue-0] VendingMachine - END OF TRANSACTION

[DEBUG] 2021-09-23 12:56:23.204 [AWT-EventQueue-0] VendingMachineGUI - DISPENSE of Test1 initiated.
[DEBUG] 2021-09-23 12:56:23.205 [AWT-EventQueue-0] VendingMachineGUI - REFUND of 1400 initiated.
[DEBUG] 2021-09-23 12:56:23.206 [AWT-EventQueue-0] VendingMachineGUI - UPDATED: Product List.
[DEBUG] 2021-09-23 12:56:23.207 [AWT-EventQueue-0] VendingMachineGUI - UPDATED: Product List.
[DEBUG] 2021-09-23 12:56:28.698 [AWT-EventQueue-0] VendingMachine - Converting to Cents: 15
[DEBUG] 2021-09-23 12:56:28.699 [AWT-EventQueue-0] VendingMachine - ADDED CURRENCY: $1500
[DEBUG] 2021-09-23 12:56:28.700 [AWT-EventQueue-0] VendingMachine - String Conversion of 1500
[DEBUG] 2021-09-23 12:56:28.700 [AWT-EventQueue-0] VendingMachineGUI - CURRENCY INSERTED: Added $15 to total
[DEBUG] 2021-09-23 12:56:30.368 [AWT-EventQueue-0] VendingMachine - ITEM LOOKUP: Successful
[FATAL] 2021-09-23 12:56:57.196 [AWT-EventQueue-0] ProductUpdateGUI - java.io.FileNotFoundException: vendingmachine\src\main\resources\input.json" (The filename, directory name, or volume label syntax is incorrect)
[FATAL] 2021-09-23 12:56:57.197 [AWT-EventQueue-0] ProductUpdateGUI - java.lang.NullPointerException
[DEBUG] 2021-09-23 12:57:05.813 [AWT-EventQueue-0] ProductUpdateGUI - New File written to input.json
[DEBUG] 2021-09-23 12:57:05.813 [AWT-EventQueue-0] ProductUpdateGUI - RESTARTING VENDING MACHINE
[ERROR] 2021-09-23 12:57:05.814 [AWT-EventQueue-0] MyJson - com.fasterxml.jackson.databind.exc.MismatchedInputException: No content to map due to end-of-input
 at [Source: (File); line: 1, column: 0]
[FATAL] 2021-09-23 12:57:05.815 [AWT-EventQueue-0] ProductUpdateGUI - java.lang.NullPointerException
[FATAL] 2021-09-23 12:57:11.592 [AWT-EventQueue-0] ProductUpdateGUI - java.io.FileNotFoundException: src\main\resources\input.json (The system cannot find the path specified)
[FATAL] 2021-09-23 12:57:11.593 [AWT-EventQueue-0] ProductUpdateGUI - java.lang.NullPointerException
[FATAL] 2021-09-23 12:57:19.744 [AWT-EventQueue-0] ProductUpdateGUI - java.io.FileNotFoundException: main\resources\input.json (The system cannot find the path specified)
[FATAL] 2021-09-23 12:57:19.745 [AWT-EventQueue-0] ProductUpdateGUI - java.lang.NullPointerException
[FATAL] 2021-09-23 12:57:28.296 [AWT-EventQueue-0] ProductUpdateGUI - java.io.FileNotFoundException: resources\input.json (The system cannot find the path specified)
[FATAL] 2021-09-23 12:57:28.297 [AWT-EventQueue-0] ProductUpdateGUI - java.lang.NullPointerException
[DEBUG] 2021-09-23 12:57:48.991 [AWT-EventQueue-0] ProductUpdateGUI - New TEXT written to input.json
[DEBUG] 2021-09-23 12:57:48.991 [AWT-EventQueue-0] ProductUpdateGUI - RESTARTING VENDING MACHINE
[DEBUG] 2021-09-23 12:57:48.992 [AWT-EventQueue-0] VendingMachine - START OF NEW TRANSACTION
[DEBUG] 2021-09-23 12:57:48.992 [AWT-EventQueue-0] VendingMachine - PROCESSED PAYMENT: $ 0.0
[DEBUG] 2021-09-23 12:57:48.993 [AWT-EventQueue-0] VendingMachine - Rows set to 4, Columns set to 8
[DEBUG] 2021-09-23 12:57:48.993 [AWT-EventQueue-0] VendingMachine - ADDED: 10 Snickers, Current Price : $1.35 to Slot: A0
[DEBUG] 2021-09-23 12:57:48.993 [AWT-EventQueue-0] VendingMachine - ADDED: 10 Hersheys, Current Price : $2.25 to Slot: A1
[DEBUG] 2021-09-23 12:57:48.994 [AWT-EventQueue-0] VendingMachine - ADDED: 10 Hersheys Almond, Current Price : $1.80 to Slot: A2
[DEBUG] 2021-09-23 12:57:48.994 [AWT-EventQueue-0] VendingMachine - ADDED: 10 Hersheys Special Dark, Current Price : $1.75 to Slot: A3
[DEBUG] 2021-09-23 12:57:48.994 [AWT-EventQueue-0] VendingMachine - ADDED: 10 Reese's, Current Price : $1.05 to Slot: A4
[DEBUG] 2021-09-23 12:57:48.994 [AWT-EventQueue-0] VendingMachine - ADDED: 10 Nutrageous, Current Price : $1.30 to Slot: A5
[DEBUG] 2021-09-23 12:57:48.995 [AWT-EventQueue-0] VendingMachine - ADDED: 10 Baby Ruth, Current Price : $2.50 to Slot: A6
[DEBUG] 2021-09-23 12:57:48.995 [AWT-EventQueue-0] VendingMachine - ADDED: 10 Milky Way, Current Price : $1.00 to Slot: A7
[DEBUG] 2021-09-23 12:57:48.995 [AWT-EventQueue-0] VendingMachine - ADDED: 10 M&M, Current Price : $1.25 to Slot: B0
[DEBUG] 2021-09-23 12:57:49.013 [AWT-EventQueue-0] VendingMachineGUI - UPDATED: Product List.
[DEBUG] 2021-09-23 12:58:04.904 [AWT-EventQueue-0] VendingMachine - Converting to Cents: 15
[DEBUG] 2021-09-23 12:58:04.905 [AWT-EventQueue-0] VendingMachine - ADDED CURRENCY: $1500
[DEBUG] 2021-09-23 12:58:04.905 [AWT-EventQueue-0] VendingMachine - String Conversion of 1500
[DEBUG] 2021-09-23 12:58:04.906 [AWT-EventQueue-0] VendingMachineGUI - CURRENCY INSERTED: Added $15 to total
[DEBUG] 2021-09-23 12:58:08.944 [AWT-EventQueue-0] VendingMachine - ITEM LOOKUP: Successful
[DEBUG] 2021-09-23 12:58:19.832 [AWT-EventQueue-0] VendingMachine - ITEM LOOKUP: Successful
[DEBUG] 2021-09-23 12:58:19.833 [AWT-EventQueue-0] VendingMachine - PAYMENT PROCESSED: For Qty: 1 M&M at $1.25
[DEBUG] 2021-09-23 12:58:19.833 [AWT-EventQueue-0] VendingMachine - DISPENSED: 1 M&M.
[DEBUG] 2021-09-23 12:58:19.833 [AWT-EventQueue-0] VendingMachineGUI - ITEM SELECTED: Attempting purchase.
[DEBUG] 2021-09-23 12:58:19.834 [AWT-EventQueue-0] VendingMachine - String Conversion of 1375
[DEBUG] 2021-09-23 12:58:19.834 [AWT-EventQueue-0] VendingMachine - REFUND: $13.75.
[DEBUG] 2021-09-23 12:58:19.834 [AWT-EventQueue-0] VendingMachine - END OF TRANSACTION

[DEBUG] 2021-09-23 12:58:19.835 [AWT-EventQueue-0] VendingMachineGUI - DISPENSE of M&M initiated.
[DEBUG] 2021-09-23 12:58:19.835 [AWT-EventQueue-0] VendingMachineGUI - REFUND of 1375 initiated.
[DEBUG] 2021-09-23 12:58:19.836 [AWT-EventQueue-0] VendingMachineGUI - UPDATED: Product List.
[DEBUG] 2021-09-23 12:58:19.837 [AWT-EventQueue-0] VendingMachineGUI - UPDATED: Product List.
[DEBUG] 2021-09-23 12:58:21.126 [AWT-EventQueue-0] VendingMachine - Converting to Cents: 15
[DEBUG] 2021-09-23 12:58:21.127 [AWT-EventQueue-0] VendingMachine - ADDED CURRENCY: $1500
[DEBUG] 2021-09-23 12:58:21.127 [AWT-EventQueue-0] VendingMachine - String Conversion of 1500
[DEBUG] 2021-09-23 12:58:21.128 [AWT-EventQueue-0] VendingMachineGUI - CURRENCY INSERTED: Added $15 to total
[DEBUG] 2021-09-23 12:58:21.786 [AWT-EventQueue-0] VendingMachine - ITEM LOOKUP: Successful
[DEBUG] 2021-09-23 12:58:21.787 [AWT-EventQueue-0] VendingMachine - PAYMENT PROCESSED: For Qty: 1 M&M at $1.25
[DEBUG] 2021-09-23 12:58:21.787 [AWT-EventQueue-0] VendingMachine - DISPENSED: 1 M&M.
[DEBUG] 2021-09-23 12:58:21.787 [AWT-EventQueue-0] VendingMachineGUI - ITEM SELECTED: Attempting purchase.
[DEBUG] 2021-09-23 12:58:21.787 [AWT-EventQueue-0] VendingMachine - String Conversion of 1375
[DEBUG] 2021-09-23 12:58:21.788 [AWT-EventQueue-0] VendingMachine - REFUND: $13.75.
[DEBUG] 2021-09-23 12:58:21.788 [AWT-EventQueue-0] VendingMachine - END OF TRANSACTION

[DEBUG] 2021-09-23 12:58:21.789 [AWT-EventQueue-0] VendingMachineGUI - DISPENSE of M&M initiated.
[DEBUG] 2021-09-23 12:58:21.789 [AWT-EventQueue-0] VendingMachineGUI - REFUND of 1375 initiated.
[DEBUG] 2021-09-23 12:58:21.790 [AWT-EventQueue-0] VendingMachineGUI - UPDATED: Product List.
[DEBUG] 2021-09-23 12:58:21.791 [AWT-EventQueue-0] VendingMachineGUI - UPDATED: Product List.
[DEBUG] 2021-09-23 12:58:22.390 [AWT-EventQueue-0] VendingMachine - Converting to Cents: 15
[DEBUG] 2021-09-23 12:58:22.390 [AWT-EventQueue-0] VendingMachine - ADDED CURRENCY: $1500
[DEBUG] 2021-09-23 12:58:22.391 [AWT-EventQueue-0] VendingMachine - String Conversion of 1500
[DEBUG] 2021-09-23 12:58:22.391 [AWT-EventQueue-0] VendingMachineGUI - CURRENCY INSERTED: Added $15 to total
[DEBUG] 2021-09-23 12:58:22.920 [AWT-EventQueue-0] VendingMachine - ITEM LOOKUP: Successful
[DEBUG] 2021-09-23 12:58:22.920 [AWT-EventQueue-0] VendingMachine - PAYMENT PROCESSED: For Qty: 1 M&M at $1.25
[DEBUG] 2021-09-23 12:58:22.921 [AWT-EventQueue-0] VendingMachine - DISPENSED: 1 M&M.
[DEBUG] 2021-09-23 12:58:22.921 [AWT-EventQueue-0] VendingMachineGUI - ITEM SELECTED: Attempting purchase.
[DEBUG] 2021-09-23 12:58:22.921 [AWT-EventQueue-0] VendingMachine - String Conversion of 1375
[DEBUG] 2021-09-23 12:58:22.922 [AWT-EventQueue-0] VendingMachine - REFUND: $13.75.
[DEBUG] 2021-09-23 12:58:22.923 [AWT-EventQueue-0] VendingMachine - END OF TRANSACTION

[DEBUG] 2021-09-23 12:58:22.923 [AWT-EventQueue-0] VendingMachineGUI - DISPENSE of M&M initiated.
[DEBUG] 2021-09-23 12:58:22.923 [AWT-EventQueue-0] VendingMachineGUI - REFUND of 1375 initiated.
[DEBUG] 2021-09-23 12:58:22.924 [AWT-EventQueue-0] VendingMachineGUI - UPDATED: Product List.
[DEBUG] 2021-09-23 12:58:22.925 [AWT-EventQueue-0] VendingMachineGUI - UPDATED: Product List.
[DEBUG] 2021-09-23 12:58:23.438 [AWT-EventQueue-0] VendingMachine - Converting to Cents: 15
[DEBUG] 2021-09-23 12:58:23.439 [AWT-EventQueue-0] VendingMachine - ADDED CURRENCY: $1500
[DEBUG] 2021-09-23 12:58:23.439 [AWT-EventQueue-0] VendingMachine - String Conversion of 1500
[DEBUG] 2021-09-23 12:58:23.440 [AWT-EventQueue-0] VendingMachineGUI - CURRENCY INSERTED: Added $15 to total
[DEBUG] 2021-09-23 12:58:23.882 [AWT-EventQueue-0] VendingMachine - ITEM LOOKUP: Successful
[DEBUG] 2021-09-23 12:58:23.883 [AWT-EventQueue-0] VendingMachine - PAYMENT PROCESSED: For Qty: 1 M&M at $1.25
[DEBUG] 2021-09-23 12:58:23.883 [AWT-EventQueue-0] VendingMachine - DISPENSED: 1 M&M.
[DEBUG] 2021-09-23 12:58:23.883 [AWT-EventQueue-0] VendingMachineGUI - ITEM SELECTED: Attempting purchase.
[DEBUG] 2021-09-23 12:58:23.883 [AWT-EventQueue-0] VendingMachine - String Conversion of 1375
[DEBUG] 2021-09-23 12:58:23.884 [AWT-EventQueue-0] VendingMachine - REFUND: $13.75.
[DEBUG] 2021-09-23 12:58:23.884 [AWT-EventQueue-0] VendingMachine - END OF TRANSACTION

[DEBUG] 2021-09-23 12:58:23.885 [AWT-EventQueue-0] VendingMachineGUI - DISPENSE of M&M initiated.
[DEBUG] 2021-09-23 12:58:23.885 [AWT-EventQueue-0] VendingMachineGUI - REFUND of 1375 initiated.
[DEBUG] 2021-09-23 12:58:23.886 [AWT-EventQueue-0] VendingMachineGUI - UPDATED: Product List.
[DEBUG] 2021-09-23 12:58:23.886 [AWT-EventQueue-0] VendingMachineGUI - UPDATED: Product List.
[DEBUG] 2021-09-23 12:58:24.390 [AWT-EventQueue-0] VendingMachine - Converting to Cents: 15
[DEBUG] 2021-09-23 12:58:24.390 [AWT-EventQueue-0] VendingMachine - ADDED CURRENCY: $1500
[DEBUG] 2021-09-23 12:58:24.391 [AWT-EventQueue-0] VendingMachine - String Conversion of 1500
[DEBUG] 2021-09-23 12:58:24.391 [AWT-EventQueue-0] VendingMachineGUI - CURRENCY INSERTED: Added $15 to total
[DEBUG] 2021-09-23 12:58:25.630 [AWT-EventQueue-0] VendingMachine - ITEM LOOKUP: Successful
[DEBUG] 2021-09-23 12:58:25.631 [AWT-EventQueue-0] VendingMachine - PAYMENT PROCESSED: For Qty: 1 M&M at $1.25
[DEBUG] 2021-09-23 12:58:25.631 [AWT-EventQueue-0] VendingMachine - DISPENSED: 1 M&M.
[DEBUG] 2021-09-23 12:58:25.631 [AWT-EventQueue-0] VendingMachineGUI - ITEM SELECTED: Attempting purchase.
[DEBUG] 2021-09-23 12:58:25.632 [AWT-EventQueue-0] VendingMachine - String Conversion of 1375
[DEBUG] 2021-09-23 12:58:25.632 [AWT-EventQueue-0] VendingMachine - REFUND: $13.75.
[DEBUG] 2021-09-23 12:58:25.632 [AWT-EventQueue-0] VendingMachine - END OF TRANSACTION

[DEBUG] 2021-09-23 12:58:25.633 [AWT-EventQueue-0] VendingMachineGUI - DISPENSE of M&M initiated.
[DEBUG] 2021-09-23 12:58:25.633 [AWT-EventQueue-0] VendingMachineGUI - REFUND of 1375 initiated.
[DEBUG] 2021-09-23 12:58:25.634 [AWT-EventQueue-0] VendingMachineGUI - UPDATED: Product List.
[DEBUG] 2021-09-23 12:58:25.635 [AWT-EventQueue-0] VendingMachineGUI - UPDATED: Product List.
[DEBUG] 2021-09-23 12:58:26.056 [AWT-EventQueue-0] VendingMachine - Converting to Cents: 15
[DEBUG] 2021-09-23 12:58:26.056 [AWT-EventQueue-0] VendingMachine - ADDED CURRENCY: $1500
[DEBUG] 2021-09-23 12:58:26.057 [AWT-EventQueue-0] VendingMachine - String Conversion of 1500
[DEBUG] 2021-09-23 12:58:26.057 [AWT-EventQueue-0] VendingMachineGUI - CURRENCY INSERTED: Added $15 to total
[DEBUG] 2021-09-23 12:58:26.542 [AWT-EventQueue-0] VendingMachine - ITEM LOOKUP: Successful
[DEBUG] 2021-09-23 12:58:26.543 [AWT-EventQueue-0] VendingMachine - PAYMENT PROCESSED: For Qty: 1 M&M at $1.25
[DEBUG] 2021-09-23 12:58:26.543 [AWT-EventQueue-0] VendingMachine - DISPENSED: 1 M&M.
[DEBUG] 2021-09-23 12:58:26.543 [AWT-EventQueue-0] VendingMachineGUI - ITEM SELECTED: Attempting purchase.
[DEBUG] 2021-09-23 12:58:26.543 [AWT-EventQueue-0] VendingMachine - String Conversion of 1375
[DEBUG] 2021-09-23 12:58:26.544 [AWT-EventQueue-0] VendingMachine - REFUND: $13.75.
[DEBUG] 2021-09-23 12:58:26.544 [AWT-EventQueue-0] VendingMachine - END OF TRANSACTION

[DEBUG] 2021-09-23 12:58:26.545 [AWT-EventQueue-0] VendingMachineGUI - DISPENSE of M&M initiated.
[DEBUG] 2021-09-23 12:58:26.545 [AWT-EventQueue-0] VendingMachineGUI - REFUND of 1375 initiated.
[DEBUG] 2021-09-23 12:58:26.546 [AWT-EventQueue-0] VendingMachineGUI - UPDATED: Product List.
[DEBUG] 2021-09-23 12:58:26.547 [AWT-EventQueue-0] VendingMachineGUI - UPDATED: Product List.
[DEBUG] 2021-09-23 12:58:27.036 [AWT-EventQueue-0] VendingMachine - Converting to Cents: 15
[DEBUG] 2021-09-23 12:58:27.037 [AWT-EventQueue-0] VendingMachine - ADDED CURRENCY: $1500
[DEBUG] 2021-09-23 12:58:27.037 [AWT-EventQueue-0] VendingMachine - String Conversion of 1500
[DEBUG] 2021-09-23 12:58:27.038 [AWT-EventQueue-0] VendingMachineGUI - CURRENCY INSERTED: Added $15 to total
[DEBUG] 2021-09-23 12:58:27.532 [AWT-EventQueue-0] VendingMachine - ITEM LOOKUP: Successful
[DEBUG] 2021-09-23 12:58:27.533 [AWT-EventQueue-0] VendingMachine - PAYMENT PROCESSED: For Qty: 1 M&M at $1.25
[DEBUG] 2021-09-23 12:58:27.533 [AWT-EventQueue-0] VendingMachine - DISPENSED: 1 M&M.
[DEBUG] 2021-09-23 12:58:27.533 [AWT-EventQueue-0] VendingMachineGUI - ITEM SELECTED: Attempting purchase.
[DEBUG] 2021-09-23 12:58:27.534 [AWT-EventQueue-0] VendingMachine - String Conversion of 1375
[DEBUG] 2021-09-23 12:58:27.534 [AWT-EventQueue-0] VendingMachine - REFUND: $13.75.
[DEBUG] 2021-09-23 12:58:27.534 [AWT-EventQueue-0] VendingMachine - END OF TRANSACTION

[DEBUG] 2021-09-23 12:58:27.535 [AWT-EventQueue-0] VendingMachineGUI - DISPENSE of M&M initiated.
[DEBUG] 2021-09-23 12:58:27.535 [AWT-EventQueue-0] VendingMachineGUI - REFUND of 1375 initiated.
[DEBUG] 2021-09-23 12:58:27.536 [AWT-EventQueue-0] VendingMachineGUI - UPDATED: Product List.
[DEBUG] 2021-09-23 12:58:27.536 [AWT-EventQueue-0] VendingMachineGUI - UPDATED: Product List.
[DEBUG] 2021-09-23 12:58:28.002 [AWT-EventQueue-0] VendingMachine - Converting to Cents: 15
[DEBUG] 2021-09-23 12:58:28.002 [AWT-EventQueue-0] VendingMachine - ADDED CURRENCY: $1500
[DEBUG] 2021-09-23 12:58:28.003 [AWT-EventQueue-0] VendingMachine - String Conversion of 1500
[DEBUG] 2021-09-23 12:58:28.003 [AWT-EventQueue-0] VendingMachineGUI - CURRENCY INSERTED: Added $15 to total
[DEBUG] 2021-09-23 12:58:28.464 [AWT-EventQueue-0] VendingMachine - ITEM LOOKUP: Successful
[DEBUG] 2021-09-23 12:58:28.465 [AWT-EventQueue-0] VendingMachine - PAYMENT PROCESSED: For Qty: 1 M&M at $1.25
[DEBUG] 2021-09-23 12:58:28.465 [AWT-EventQueue-0] VendingMachine - DISPENSED: 1 M&M.
[DEBUG] 2021-09-23 12:58:28.465 [AWT-EventQueue-0] VendingMachineGUI - ITEM SELECTED: Attempting purchase.
[DEBUG] 2021-09-23 12:58:28.466 [AWT-EventQueue-0] VendingMachine - String Conversion of 1375
[DEBUG] 2021-09-23 12:58:28.466 [AWT-EventQueue-0] VendingMachine - REFUND: $13.75.
[DEBUG] 2021-09-23 12:58:28.466 [AWT-EventQueue-0] VendingMachine - END OF TRANSACTION

[DEBUG] 2021-09-23 12:58:28.467 [AWT-EventQueue-0] VendingMachineGUI - DISPENSE of M&M initiated.
[DEBUG] 2021-09-23 12:58:28.467 [AWT-EventQueue-0] VendingMachineGUI - REFUND of 1375 initiated.
[DEBUG] 2021-09-23 12:58:28.468 [AWT-EventQueue-0] VendingMachineGUI - UPDATED: Product List.
[DEBUG] 2021-09-23 12:58:28.468 [AWT-EventQueue-0] VendingMachineGUI - UPDATED: Product List.
[DEBUG] 2021-09-23 12:58:28.986 [AWT-EventQueue-0] VendingMachine - Converting to Cents: 15
[DEBUG] 2021-09-23 12:58:28.986 [AWT-EventQueue-0] VendingMachine - ADDED CURRENCY: $1500
[DEBUG] 2021-09-23 12:58:28.987 [AWT-EventQueue-0] VendingMachine - String Conversion of 1500
[DEBUG] 2021-09-23 12:58:28.987 [AWT-EventQueue-0] VendingMachineGUI - CURRENCY INSERTED: Added $15 to total
[DEBUG] 2021-09-23 12:58:29.500 [AWT-EventQueue-0] VendingMachine - ITEM LOOKUP: Successful
[DEBUG] 2021-09-23 12:58:29.500 [AWT-EventQueue-0] VendingMachine - PAYMENT PROCESSED: For Qty: 1 M&M at $1.25
[DEBUG] 2021-09-23 12:58:29.501 [AWT-EventQueue-0] VendingMachine - DISPENSED: 1 M&M.
[DEBUG] 2021-09-23 12:58:29.501 [AWT-EventQueue-0] VendingMachineGUI - ITEM SELECTED: Attempting purchase.
[DEBUG] 2021-09-23 12:58:29.501 [AWT-EventQueue-0] VendingMachine - String Conversion of 1375
[DEBUG] 2021-09-23 12:58:29.502 [AWT-EventQueue-0] VendingMachine - REFUND: $13.75.
[DEBUG] 2021-09-23 12:58:29.502 [AWT-EventQueue-0] VendingMachine - END OF TRANSACTION

[DEBUG] 2021-09-23 12:58:29.503 [AWT-EventQueue-0] VendingMachineGUI - DISPENSE of M&M initiated.
[DEBUG] 2021-09-23 12:58:29.503 [AWT-EventQueue-0] VendingMachineGUI - REFUND of 1375 initiated.
[DEBUG] 2021-09-23 12:58:29.503 [AWT-EventQueue-0] VendingMachineGUI - UPDATED: Product List.
[DEBUG] 2021-09-23 12:58:29.504 [AWT-EventQueue-0] VendingMachineGUI - UPDATED: Product List.
[DEBUG] 2021-09-23 12:58:29.980 [AWT-EventQueue-0] VendingMachine - Converting to Cents: 15
[DEBUG] 2021-09-23 12:58:29.980 [AWT-EventQueue-0] VendingMachine - ADDED CURRENCY: $1500
[DEBUG] 2021-09-23 12:58:29.981 [AWT-EventQueue-0] VendingMachine - String Conversion of 1500
[DEBUG] 2021-09-23 12:58:29.981 [AWT-EventQueue-0] VendingMachineGUI - CURRENCY INSERTED: Added $15 to total
[DEBUG] 2021-09-23 12:58:31.526 [AWT-EventQueue-0] VendingMachine - ITEM LOOKUP: Successful
[DEBUG] 2021-09-23 12:58:31.526 [AWT-EventQueue-0] VendingMachine - PAYMENT PROCESSED: For Qty: 1 M&M at $1.25
[DEBUG] 2021-09-23 12:58:31.527 [AWT-EventQueue-0] VendingMachine - DISPENSED: 1 M&M.
[WARN ] 2021-09-23 12:58:31.527 [AWT-EventQueue-0] VendingMachine - M&M is OUT OF STOCK
[DEBUG] 2021-09-23 12:58:31.527 [AWT-EventQueue-0] VendingMachineGUI - ITEM SELECTED: Attempting purchase.
[DEBUG] 2021-09-23 12:58:31.528 [AWT-EventQueue-0] VendingMachine - String Conversion of 1375
[DEBUG] 2021-09-23 12:58:31.528 [AWT-EventQueue-0] VendingMachine - REFUND: $13.75.
[DEBUG] 2021-09-23 12:58:31.528 [AWT-EventQueue-0] VendingMachine - END OF TRANSACTION

[DEBUG] 2021-09-23 12:58:31.529 [AWT-EventQueue-0] VendingMachineGUI - DISPENSE of M&M initiated.
[DEBUG] 2021-09-23 12:58:31.529 [AWT-EventQueue-0] VendingMachineGUI - REFUND of 1375 initiated.
[DEBUG] 2021-09-23 12:58:31.530 [AWT-EventQueue-0] VendingMachineGUI - UPDATED: Product List.
[DEBUG] 2021-09-23 12:58:31.530 [AWT-EventQueue-0] VendingMachineGUI - UPDATED: Product List.
[DEBUG] 2021-09-23 12:58:33.086 [AWT-EventQueue-0] VendingMachine - Converting to Cents: 15
[DEBUG] 2021-09-23 12:58:33.086 [AWT-EventQueue-0] VendingMachine - ADDED CURRENCY: $1500
[DEBUG] 2021-09-23 12:58:33.087 [AWT-EventQueue-0] VendingMachine - String Conversion of 1500
[DEBUG] 2021-09-23 12:58:33.087 [AWT-EventQueue-0] VendingMachineGUI - CURRENCY INSERTED: Added $15 to total
[DEBUG] 2021-09-23 12:58:33.726 [AWT-EventQueue-0] VendingMachine - ITEM LOOKUP: Successful
[DEBUG] 2021-09-23 12:59:27.692 [main] App - STARTING VENDING MACHINE
[DEBUG] 2021-09-23 12:59:27.694 [main] App - Path set to vendingmachine\src\main\resources\input.json
[DEBUG] 2021-09-23 12:59:27.864 [main] VendingMachine - START OF NEW TRANSACTION
[DEBUG] 2021-09-23 12:59:27.865 [main] VendingMachine - PROCESSED PAYMENT: $ 0.0
[DEBUG] 2021-09-23 12:59:27.865 [main] VendingMachine - Rows set to 4, Columns set to 8
[DEBUG] 2021-09-23 12:59:27.865 [main] VendingMachine - ADDED: 10 Snickers, Current Price : $1.35 to Slot: A0
[DEBUG] 2021-09-23 12:59:27.866 [main] VendingMachine - ADDED: 10 Hersheys, Current Price : $2.25 to Slot: A1
[DEBUG] 2021-09-23 12:59:27.866 [main] VendingMachine - ADDED: 10 Hersheys Almond, Current Price : $1.80 to Slot: A2
[DEBUG] 2021-09-23 12:59:27.866 [main] VendingMachine - ADDED: 10 Hersheys Special Dark, Current Price : $1.75 to Slot: A3
[DEBUG] 2021-09-23 12:59:27.867 [main] VendingMachine - ADDED: 10 Reese's, Current Price : $1.05 to Slot: A4
[DEBUG] 2021-09-23 12:59:27.867 [main] VendingMachine - ADDED: 10 Nutrageous, Current Price : $1.30 to Slot: A5
[DEBUG] 2021-09-23 12:59:27.868 [main] VendingMachine - ADDED: 10 Baby Ruth, Current Price : $2.50 to Slot: A6
[DEBUG] 2021-09-23 12:59:27.868 [main] VendingMachine - ADDED: 10 Milky Way, Current Price : $1.00 to Slot: A7
[DEBUG] 2021-09-23 12:59:27.868 [main] VendingMachine - ADDED: 10 M&M, Current Price : $1.25 to Slot: B0
[DEBUG] 2021-09-23 12:59:28.251 [main] VendingMachineGUI - UPDATED: Product List.
[DEBUG] 2021-09-23 12:59:37.535 [AWT-EventQueue-0] VendingMachine - Converting to Cents: 15
[DEBUG] 2021-09-23 12:59:37.535 [AWT-EventQueue-0] VendingMachine - ADDED CURRENCY: $1500
[DEBUG] 2021-09-23 12:59:37.536 [AWT-EventQueue-0] VendingMachine - String Conversion of 1500
[DEBUG] 2021-09-23 12:59:37.537 [AWT-EventQueue-0] VendingMachineGUI - CURRENCY INSERTED: Added $15 to total
[DEBUG] 2021-09-23 12:59:38.038 [AWT-EventQueue-0] VendingMachine - ITEM LOOKUP: Successful
[DEBUG] 2021-09-23 12:59:38.039 [AWT-EventQueue-0] VendingMachine - PAYMENT PROCESSED: For Qty: 1 Snickers at $1.35
[DEBUG] 2021-09-23 12:59:38.039 [AWT-EventQueue-0] VendingMachine - DISPENSED: 1 Snickers.
[DEBUG] 2021-09-23 12:59:38.039 [AWT-EventQueue-0] VendingMachineGUI - ITEM SELECTED: Attempting purchase.
[DEBUG] 2021-09-23 12:59:38.040 [AWT-EventQueue-0] VendingMachine - String Conversion of 1365
[DEBUG] 2021-09-23 12:59:38.041 [AWT-EventQueue-0] VendingMachine - REFUND: $13.65.
[DEBUG] 2021-09-23 12:59:38.041 [AWT-EventQueue-0] VendingMachine - END OF TRANSACTION

[DEBUG] 2021-09-23 12:59:38.042 [AWT-EventQueue-0] VendingMachineGUI - DISPENSE of Snickers initiated.
[DEBUG] 2021-09-23 12:59:38.043 [AWT-EventQueue-0] VendingMachineGUI - REFUND of 1365 initiated.
[DEBUG] 2021-09-23 12:59:38.045 [AWT-EventQueue-0] VendingMachineGUI - UPDATED: Product List.
[DEBUG] 2021-09-23 12:59:38.047 [AWT-EventQueue-0] VendingMachineGUI - UPDATED: Product List.
[DEBUG] 2021-09-23 12:59:38.500 [AWT-EventQueue-0] VendingMachine - Converting to Cents: 15
[DEBUG] 2021-09-23 12:59:38.500 [AWT-EventQueue-0] VendingMachine - ADDED CURRENCY: $1500
[DEBUG] 2021-09-23 12:59:38.501 [AWT-EventQueue-0] VendingMachine - String Conversion of 1500
[DEBUG] 2021-09-23 12:59:38.501 [AWT-EventQueue-0] VendingMachineGUI - CURRENCY INSERTED: Added $15 to total
[DEBUG] 2021-09-23 12:59:38.980 [AWT-EventQueue-0] VendingMachine - ITEM LOOKUP: Successful
[DEBUG] 2021-09-23 12:59:38.981 [AWT-EventQueue-0] VendingMachine - PAYMENT PROCESSED: For Qty: 1 Snickers at $1.35
[DEBUG] 2021-09-23 12:59:38.981 [AWT-EventQueue-0] VendingMachine - DISPENSED: 1 Snickers.
[DEBUG] 2021-09-23 12:59:38.981 [AWT-EventQueue-0] VendingMachineGUI - ITEM SELECTED: Attempting purchase.
[DEBUG] 2021-09-23 12:59:38.982 [AWT-EventQueue-0] VendingMachine - String Conversion of 1365
[DEBUG] 2021-09-23 12:59:38.982 [AWT-EventQueue-0] VendingMachine - REFUND: $13.65.
[DEBUG] 2021-09-23 12:59:38.983 [AWT-EventQueue-0] VendingMachine - END OF TRANSACTION

[DEBUG] 2021-09-23 12:59:38.983 [AWT-EventQueue-0] VendingMachineGUI - DISPENSE of Snickers initiated.
[DEBUG] 2021-09-23 12:59:38.984 [AWT-EventQueue-0] VendingMachineGUI - REFUND of 1365 initiated.
[DEBUG] 2021-09-23 12:59:38.985 [AWT-EventQueue-0] VendingMachineGUI - UPDATED: Product List.
[DEBUG] 2021-09-23 12:59:38.986 [AWT-EventQueue-0] VendingMachineGUI - UPDATED: Product List.
[DEBUG] 2021-09-23 12:59:39.432 [AWT-EventQueue-0] VendingMachine - Converting to Cents: 15
[DEBUG] 2021-09-23 12:59:39.433 [AWT-EventQueue-0] VendingMachine - ADDED CURRENCY: $1500
[DEBUG] 2021-09-23 12:59:39.433 [AWT-EventQueue-0] VendingMachine - String Conversion of 1500
[DEBUG] 2021-09-23 12:59:39.433 [AWT-EventQueue-0] VendingMachineGUI - CURRENCY INSERTED: Added $15 to total
[DEBUG] 2021-09-23 12:59:39.901 [AWT-EventQueue-0] VendingMachine - ITEM LOOKUP: Successful
[DEBUG] 2021-09-23 12:59:39.901 [AWT-EventQueue-0] VendingMachine - PAYMENT PROCESSED: For Qty: 1 Snickers at $1.35
[DEBUG] 2021-09-23 12:59:39.901 [AWT-EventQueue-0] VendingMachine - DISPENSED: 1 Snickers.
[DEBUG] 2021-09-23 12:59:39.901 [AWT-EventQueue-0] VendingMachineGUI - ITEM SELECTED: Attempting purchase.
[DEBUG] 2021-09-23 12:59:39.902 [AWT-EventQueue-0] VendingMachine - String Conversion of 1365
[DEBUG] 2021-09-23 12:59:39.902 [AWT-EventQueue-0] VendingMachine - REFUND: $13.65.
[DEBUG] 2021-09-23 12:59:39.902 [AWT-EventQueue-0] VendingMachine - END OF TRANSACTION

[DEBUG] 2021-09-23 12:59:39.903 [AWT-EventQueue-0] VendingMachineGUI - DISPENSE of Snickers initiated.
[DEBUG] 2021-09-23 12:59:39.903 [AWT-EventQueue-0] VendingMachineGUI - REFUND of 1365 initiated.
[DEBUG] 2021-09-23 12:59:39.905 [AWT-EventQueue-0] VendingMachineGUI - UPDATED: Product List.
[DEBUG] 2021-09-23 12:59:39.906 [AWT-EventQueue-0] VendingMachineGUI - UPDATED: Product List.
[DEBUG] 2021-09-23 12:59:40.428 [AWT-EventQueue-0] VendingMachine - Converting to Cents: 15
[DEBUG] 2021-09-23 12:59:40.429 [AWT-EventQueue-0] VendingMachine - ADDED CURRENCY: $1500
[DEBUG] 2021-09-23 12:59:40.429 [AWT-EventQueue-0] VendingMachine - String Conversion of 1500
[DEBUG] 2021-09-23 12:59:40.430 [AWT-EventQueue-0] VendingMachineGUI - CURRENCY INSERTED: Added $15 to total
[DEBUG] 2021-09-23 12:59:41.288 [AWT-EventQueue-0] VendingMachine - ITEM LOOKUP: Successful
[DEBUG] 2021-09-23 12:59:41.289 [AWT-EventQueue-0] VendingMachine - PAYMENT PROCESSED: For Qty: 1 Snickers at $1.35
[DEBUG] 2021-09-23 12:59:41.289 [AWT-EventQueue-0] VendingMachine - DISPENSED: 1 Snickers.
[DEBUG] 2021-09-23 12:59:41.289 [AWT-EventQueue-0] VendingMachineGUI - ITEM SELECTED: Attempting purchase.
[DEBUG] 2021-09-23 12:59:41.289 [AWT-EventQueue-0] VendingMachine - String Conversion of 1365
[DEBUG] 2021-09-23 12:59:41.290 [AWT-EventQueue-0] VendingMachine - REFUND: $13.65.
[DEBUG] 2021-09-23 12:59:41.290 [AWT-EventQueue-0] VendingMachine - END OF TRANSACTION

[DEBUG] 2021-09-23 12:59:41.291 [AWT-EventQueue-0] VendingMachineGUI - DISPENSE of Snickers initiated.
[DEBUG] 2021-09-23 12:59:41.291 [AWT-EventQueue-0] VendingMachineGUI - REFUND of 1365 initiated.
[DEBUG] 2021-09-23 12:59:41.292 [AWT-EventQueue-0] VendingMachineGUI - UPDATED: Product List.
[DEBUG] 2021-09-23 12:59:41.293 [AWT-EventQueue-0] VendingMachineGUI - UPDATED: Product List.
[DEBUG] 2021-09-23 12:59:42.280 [AWT-EventQueue-0] VendingMachine - Converting to Cents: 15
[DEBUG] 2021-09-23 12:59:42.281 [AWT-EventQueue-0] VendingMachine - ADDED CURRENCY: $1500
[DEBUG] 2021-09-23 12:59:42.282 [AWT-EventQueue-0] VendingMachine - String Conversion of 1500
[DEBUG] 2021-09-23 12:59:42.282 [AWT-EventQueue-0] VendingMachineGUI - CURRENCY INSERTED: Added $15 to total
[DEBUG] 2021-09-23 12:59:42.776 [AWT-EventQueue-0] VendingMachine - ITEM LOOKUP: Successful
[DEBUG] 2021-09-23 12:59:42.777 [AWT-EventQueue-0] VendingMachine - PAYMENT PROCESSED: For Qty: 1 Snickers at $1.35
[DEBUG] 2021-09-23 12:59:42.777 [AWT-EventQueue-0] VendingMachine - DISPENSED: 1 Snickers.
[DEBUG] 2021-09-23 12:59:42.777 [AWT-EventQueue-0] VendingMachineGUI - ITEM SELECTED: Attempting purchase.
[DEBUG] 2021-09-23 12:59:42.777 [AWT-EventQueue-0] VendingMachine - String Conversion of 1365
[DEBUG] 2021-09-23 12:59:42.778 [AWT-EventQueue-0] VendingMachine - REFUND: $13.65.
[DEBUG] 2021-09-23 12:59:42.778 [AWT-EventQueue-0] VendingMachine - END OF TRANSACTION

[DEBUG] 2021-09-23 12:59:42.779 [AWT-EventQueue-0] VendingMachineGUI - DISPENSE of Snickers initiated.
[DEBUG] 2021-09-23 12:59:42.779 [AWT-EventQueue-0] VendingMachineGUI - REFUND of 1365 initiated.
[DEBUG] 2021-09-23 12:59:42.780 [AWT-EventQueue-0] VendingMachineGUI - UPDATED: Product List.
[DEBUG] 2021-09-23 12:59:42.781 [AWT-EventQueue-0] VendingMachineGUI - UPDATED: Product List.
[DEBUG] 2021-09-26 22:15:34.247 [main] App - STARTING VENDING MACHINE
[DEBUG] 2021-09-26 22:15:34.249 [main] App - Path set to vendingmachine\src\main\resources\input.json
[DEBUG] 2021-09-26 22:15:34.411 [main] VendingMachine - START OF NEW TRANSACTION
[DEBUG] 2021-09-26 22:15:34.411 [main] VendingMachine - PROCESSED PAYMENT: $ 0.0
[DEBUG] 2021-09-26 22:15:34.411 [main] VendingMachine - Rows set to 4, Columns set to 8
[DEBUG] 2021-09-26 22:15:34.412 [main] VendingMachine - ADDED: 10 Snickers, Current Price : $1.35 to Slot: A0
[DEBUG] 2021-09-26 22:15:34.412 [main] VendingMachine - ADDED: 10 Hersheys, Current Price : $2.25 to Slot: A1
[DEBUG] 2021-09-26 22:15:34.412 [main] VendingMachine - ADDED: 10 Hersheys Almond, Current Price : $1.80 to Slot: A2
[DEBUG] 2021-09-26 22:15:34.413 [main] VendingMachine - ADDED: 10 Hersheys Special Dark, Current Price : $1.75 to Slot: A3
[DEBUG] 2021-09-26 22:15:34.413 [main] VendingMachine - ADDED: 10 Reese's, Current Price : $1.05 to Slot: A4
[DEBUG] 2021-09-26 22:15:34.413 [main] VendingMachine - ADDED: 10 Nutrageous, Current Price : $1.30 to Slot: A5
[DEBUG] 2021-09-26 22:15:34.414 [main] VendingMachine - ADDED: 10 Baby Ruth, Current Price : $2.50 to Slot: A6
[DEBUG] 2021-09-26 22:15:34.414 [main] VendingMachine - ADDED: 10 Milky Way, Current Price : $1.00 to Slot: A7
[DEBUG] 2021-09-26 22:15:34.414 [main] VendingMachine - ADDED: 10 M&M, Current Price : $1.25 to Slot: B0
[DEBUG] 2021-09-26 22:15:34.990 [main] VendingMachineGUI - UPDATED: Product List.
[DEBUG] 2021-09-26 22:15:37.779 [AWT-EventQueue-0] VendingMachine - Converting to Cents: a
[DEBUG] 2021-09-26 22:19:11.525 [main] App - STARTING VENDING MACHINE
[DEBUG] 2021-09-26 22:19:11.526 [main] App - Path set to vendingmachine\src\main\resources\input.json
[DEBUG] 2021-09-26 22:19:11.696 [main] VendingMachine - START OF NEW TRANSACTION
[DEBUG] 2021-09-26 22:19:11.696 [main] VendingMachine - PROCESSED PAYMENT: $ 0.0
[DEBUG] 2021-09-26 22:19:11.697 [main] VendingMachine - Rows set to 4, Columns set to 8
[DEBUG] 2021-09-26 22:19:11.697 [main] VendingMachine - ADDED: 10 Snickers, Current Price : $1.35 to Slot: A0
[DEBUG] 2021-09-26 22:19:11.697 [main] VendingMachine - ADDED: 10 Hersheys, Current Price : $2.25 to Slot: A1
[DEBUG] 2021-09-26 22:19:11.698 [main] VendingMachine - ADDED: 10 Hersheys Almond, Current Price : $1.80 to Slot: A2
[DEBUG] 2021-09-26 22:19:11.698 [main] VendingMachine - ADDED: 10 Hersheys Special Dark, Current Price : $1.75 to Slot: A3
[DEBUG] 2021-09-26 22:19:11.698 [main] VendingMachine - ADDED: 10 Reese's, Current Price : $1.05 to Slot: A4
[DEBUG] 2021-09-26 22:19:11.699 [main] VendingMachine - ADDED: 10 Nutrageous, Current Price : $1.30 to Slot: A5
[DEBUG] 2021-09-26 22:19:11.699 [main] VendingMachine - ADDED: 10 Baby Ruth, Current Price : $2.50 to Slot: A6
[DEBUG] 2021-09-26 22:19:11.699 [main] VendingMachine - ADDED: 10 Milky Way, Current Price : $1.00 to Slot: A7
[DEBUG] 2021-09-26 22:19:11.700 [main] VendingMachine - ADDED: 10 M&M, Current Price : $1.25 to Slot: B0
[DEBUG] 2021-09-26 22:19:12.075 [main] VendingMachineGUI - UPDATED: Product List.
[DEBUG] 2021-09-26 22:19:14.847 [AWT-EventQueue-0] VendingMachine - Converting to Cents: a
[DEBUG] 2021-09-26 22:19:16.341 [AWT-EventQueue-0] VendingMachine - Converting to Cents: a
